2021-04-21T20:14:34.132977+09:00 0 [Warning] [MY-011070] [Server] 'Disabling symbolic links using --skip-symbolic-links (or equivalent) is the default. Consider not using this option as it' is deprecated and will be removed in a future release.
2021-04-21T20:14:34.135311+09:00 0 [System] [MY-013169] [Server] /usr/sbin/mysqld (mysqld 8.0.18) initializing of server in progress as process 45
2021-04-21T20:14:40.148089+09:00 5 [Warning] [MY-010453] [Server] root@localhost is created with an empty password ! Please consider switching off the --initialize-insecure option.
2021-04-21T20:15:14.793458+09:00 0 [Warning] [MY-011070] [Server] 'Disabling symbolic links using --skip-symbolic-links (or equivalent) is the default. Consider not using this option as it' is deprecated and will be removed in a future release.
2021-04-21T20:15:14.793599+09:00 0 [System] [MY-010116] [Server] /usr/sbin/mysqld (mysqld 8.0.18) starting as process 94
2021-04-21T20:15:16.820775+09:00 0 [Warning] [MY-010068] [Server] CA certificate ca.pem is self signed.
2021-04-21T20:15:16.839891+09:00 0 [Warning] [MY-011810] [Server] Insecure configuration for --pid-file: Location '/var/run/mysqld' in the path is accessible to all OS users. Consider choosing a different directory.
2021-04-21T20:15:16.910143+09:00 0 [System] [MY-010931] [Server] /usr/sbin/mysqld: ready for connections. Version: '8.0.18'  socket: '/var/run/mysqld/mysqld.sock'  port: 0  MySQL Community Server - GPL.
2021-04-21T20:15:17.074113+09:00 0 [System] [MY-011323] [Server] X Plugin ready for connections. Socket: '/var/run/mysqld/mysqlx.sock'
2021-04-21T20:15:58.427636+09:00 14 [System] [MY-013172] [Server] Received SHUTDOWN from user root. Shutting down mysqld (Version: 8.0.18).
2021-04-21T20:16:00.656744+09:00 0 [System] [MY-010910] [Server] /usr/sbin/mysqld: Shutdown complete (mysqld 8.0.18)  MySQL Community Server - GPL.
2021-04-21T20:16:01.777477+09:00 0 [Warning] [MY-011070] [Server] 'Disabling symbolic links using --skip-symbolic-links (or equivalent) is the default. Consider not using this option as it' is deprecated and will be removed in a future release.
2021-04-21T20:16:01.777656+09:00 0 [System] [MY-010116] [Server] /usr/sbin/mysqld (mysqld 8.0.18) starting as process 1
2021-04-21T20:16:02.967033+09:00 0 [Warning] [MY-010068] [Server] CA certificate ca.pem is self signed.
2021-04-21T20:16:02.973914+09:00 0 [Warning] [MY-011810] [Server] Insecure configuration for --pid-file: Location '/var/run/mysqld' in the path is accessible to all OS users. Consider choosing a different directory.
2021-04-21T20:16:03.006385+09:00 0 [System] [MY-010931] [Server] /usr/sbin/mysqld: ready for connections. Version: '8.0.18'  socket: '/var/run/mysqld/mysqld.sock'  port: 3306  MySQL Community Server - GPL.
2021-04-21T20:16:03.245669+09:00 0 [System] [MY-011323] [Server] X Plugin ready for connections. Socket: '/var/run/mysqld/mysqlx.sock' bind-address: '::' port: 33060
2021-04-21T20:22:38.506029+09:00 0 [System] [MY-010910] [Server] /usr/sbin/mysqld: Shutdown complete (mysqld 8.0.18)  MySQL Community Server - GPL.
2021-04-24T23:28:33.061888+09:00 0 [Warning] [MY-011070] [Server] 'Disabling symbolic links using --skip-symbolic-links (or equivalent) is the default. Consider not using this option as it' is deprecated and will be removed in a future release.
2021-04-24T23:28:33.073191+09:00 0 [System] [MY-013169] [Server] /usr/sbin/mysqld (mysqld 8.0.18) initializing of server in progress as process 44
2021-04-24T23:28:37.996825+09:00 5 [Warning] [MY-010453] [Server] root@localhost is created with an empty password ! Please consider switching off the --initialize-insecure option.
2021-04-24T23:28:50.185558+09:00 0 [Warning] [MY-011070] [Server] 'Disabling symbolic links using --skip-symbolic-links (or equivalent) is the default. Consider not using this option as it' is deprecated and will be removed in a future release.
2021-04-24T23:28:50.185661+09:00 0 [System] [MY-010116] [Server] /usr/sbin/mysqld (mysqld 8.0.18) starting as process 93
2021-04-24T23:28:51.382496+09:00 0 [Warning] [MY-010068] [Server] CA certificate ca.pem is self signed.
2021-04-24T23:28:51.406546+09:00 0 [Warning] [MY-011810] [Server] Insecure configuration for --pid-file: Location '/var/run/mysqld' in the path is accessible to all OS users. Consider choosing a different directory.
2021-04-24T23:28:51.477487+09:00 0 [System] [MY-010931] [Server] /usr/sbin/mysqld: ready for connections. Version: '8.0.18'  socket: '/var/run/mysqld/mysqld.sock'  port: 0  MySQL Community Server - GPL.
2021-04-24T23:28:51.613439+09:00 0 [System] [MY-011323] [Server] X Plugin ready for connections. Socket: '/var/run/mysqld/mysqlx.sock'
2021-04-24T23:29:06.084846+09:00 14 [System] [MY-013172] [Server] Received SHUTDOWN from user root. Shutting down mysqld (Version: 8.0.18).
2021-04-24T23:29:07.742763+09:00 0 [System] [MY-010910] [Server] /usr/sbin/mysqld: Shutdown complete (mysqld 8.0.18)  MySQL Community Server - GPL.
2021-04-24T23:29:08.348103+09:00 0 [Warning] [MY-011070] [Server] 'Disabling symbolic links using --skip-symbolic-links (or equivalent) is the default. Consider not using this option as it' is deprecated and will be removed in a future release.
2021-04-24T23:29:08.348209+09:00 0 [System] [MY-010116] [Server] /usr/sbin/mysqld (mysqld 8.0.18) starting as process 1
2021-04-24T23:29:09.372305+09:00 0 [Warning] [MY-010068] [Server] CA certificate ca.pem is self signed.
2021-04-24T23:29:09.377976+09:00 0 [Warning] [MY-011810] [Server] Insecure configuration for --pid-file: Location '/var/run/mysqld' in the path is accessible to all OS users. Consider choosing a different directory.
2021-04-24T23:29:09.401697+09:00 0 [System] [MY-010931] [Server] /usr/sbin/mysqld: ready for connections. Version: '8.0.18'  socket: '/var/run/mysqld/mysqld.sock'  port: 3306  MySQL Community Server - GPL.
2021-04-24T23:29:09.437521+09:00 0 [System] [MY-011323] [Server] X Plugin ready for connections. Socket: '/var/run/mysqld/mysqlx.sock' bind-address: '::' port: 33060
2021-04-29T16:42:25.093346+09:00 0 [Warning] [MY-011070] [Server] 'Disabling symbolic links using --skip-symbolic-links (or equivalent) is the default. Consider not using this option as it' is deprecated and will be removed in a future release.
2021-04-29T16:42:25.107566+09:00 0 [System] [MY-010116] [Server] /usr/sbin/mysqld (mysqld 8.0.18) starting as process 1
2021-04-29T16:42:30.915195+09:00 0 [System] [MY-010229] [Server] Starting crash recovery...
2021-04-29T16:42:30.999430+09:00 0 [System] [MY-010232] [Server] Crash recovery finished.
2021-04-29T16:42:31.764710+09:00 0 [Warning] [MY-010068] [Server] CA certificate ca.pem is self signed.
2021-04-29T16:42:31.830975+09:00 0 [Warning] [MY-011810] [Server] Insecure configuration for --pid-file: Location '/var/run/mysqld' in the path is accessible to all OS users. Consider choosing a different directory.
2021-04-29T16:42:32.418316+09:00 0 [System] [MY-010931] [Server] /usr/sbin/mysqld: ready for connections. Version: '8.0.18'  socket: '/var/run/mysqld/mysqld.sock'  port: 3306  MySQL Community Server - GPL.
2021-04-29T16:42:32.784406+09:00 0 [System] [MY-011323] [Server] X Plugin ready for connections. Socket: '/var/run/mysqld/mysqlx.sock' bind-address: '::' port: 33060
